<?xml version="1.0" encoding="UTF-8"?>
<coverage generated="1766995524960" clover="3.2.0">
  <project timestamp="1766995524960" name="All files">
    <metrics statements="253" coveredstatements="183" conditionals="187" coveredconditionals="133" methods="44" coveredmethods="32" elements="484" coveredelements="348" complexity="0" loc="253" ncloc="253" packages="3" files="6" classes="6"/>
    <package name="src">
      <metrics statements="51" coveredstatements="44" conditionals="38" coveredconditionals="30" methods="7" coveredmethods="6"/>
      <file name="App.js" path="D:\work\samWe\code-analyzer\src\App.js">
        <metrics statements="51" coveredstatements="44" conditionals="38" coveredconditionals="30" methods="7" coveredmethods="6"/>
        <line num="7" count="23" type="stmt"/>
        <line num="8" count="23" type="stmt"/>
        <line num="9" count="23" type="stmt"/>
        <line num="10" count="23" type="stmt"/>
        <line num="11" count="23" type="stmt"/>
        <line num="12" count="23" type="stmt"/>
        <line num="14" count="23" type="stmt"/>
        <line num="15" count="3" type="stmt"/>
        <line num="16" count="3" type="stmt"/>
        <line num="17" count="3" type="cond" truecount="1" falsecount="1"/>
        <line num="18" count="3" type="stmt"/>
        <line num="19" count="3" type="stmt"/>
        <line num="22" count="0" type="stmt"/>
        <line num="26" count="23" type="stmt"/>
        <line num="27" count="2" type="cond" truecount="1" falsecount="1"/>
        <line num="28" count="0" type="stmt"/>
        <line num="29" count="0" type="stmt"/>
        <line num="32" count="2" type="stmt"/>
        <line num="33" count="2" type="stmt"/>
        <line num="34" count="2" type="stmt"/>
        <line num="35" count="2" type="stmt"/>
        <line num="37" count="2" type="stmt"/>
        <line num="39" count="2" type="stmt"/>
        <line num="40" count="2" type="stmt"/>
        <line num="42" count="2" type="cond" truecount="2" falsecount="0"/>
        <line num="43" count="1" type="cond" truecount="1" falsecount="1"/>
        <line num="46" count="1" type="stmt"/>
        <line num="49" count="1" type="stmt"/>
        <line num="50" count="1" type="stmt"/>
        <line num="52" count="1" type="cond" truecount="1" falsecount="1"/>
        <line num="53" count="1" type="stmt"/>
        <line num="56" count="0" type="stmt"/>
        <line num="57" count="0" type="stmt"/>
        <line num="68" count="1" type="stmt"/>
        <line num="70" count="2" type="stmt"/>
        <line num="71" count="2" type="stmt"/>
        <line num="76" count="23" type="stmt"/>
        <line num="77" count="5" type="cond" truecount="1" falsecount="1"/>
        <line num="79" count="5" type="stmt"/>
        <line num="80" count="5" type="cond" truecount="2" falsecount="2"/>
        <line num="81" count="0" type="stmt"/>
        <line num="82" count="0" type="stmt"/>
        <line num="86" count="5" type="stmt"/>
        <line num="87" count="5" type="cond" truecount="2" falsecount="0"/>
        <line num="88" count="5" type="stmt"/>
        <line num="98" count="23" type="stmt"/>
        <line num="99" count="5" type="stmt"/>
        <line num="106" count="5" type="cond" truecount="1" falsecount="1"/>
        <line num="108" count="5" type="stmt"/>
        <line num="115" count="5" type="stmt"/>
        <line num="118" count="23" type="stmt"/>
      </file>
    </package>
    <package name="src.components">
      <metrics statements="54" coveredstatements="53" conditionals="63" coveredconditionals="58" methods="15" coveredmethods="15"/>
      <file name="FolderBrowser.js" path="D:\work\samWe\code-analyzer\src\components\FolderBrowser.js">
        <metrics statements="6" coveredstatements="6" conditionals="9" coveredconditionals="9" methods="3" coveredmethods="3"/>
        <line num="19" count="32" type="stmt"/>
        <line num="20" count="1" type="stmt"/>
        <line num="23" count="32" type="stmt"/>
        <line num="24" count="2" type="cond" truecount="5" falsecount="0"/>
        <line num="25" count="1" type="stmt"/>
        <line num="29" count="32" type="stmt"/>
      </file>
      <file name="ResultsGrid.js" path="D:\work\samWe\code-analyzer\src\components\ResultsGrid.js">
        <metrics statements="36" coveredstatements="35" conditionals="38" coveredconditionals="34" methods="8" coveredmethods="8"/>
        <line num="10" count="15" type="stmt"/>
        <line num="11" count="42" type="cond" truecount="3" falsecount="1"/>
        <line num="12" count="42" type="stmt"/>
        <line num="15" count="15" type="stmt"/>
        <line num="16" count="42" type="cond" truecount="4" falsecount="0"/>
        <line num="17" count="30" type="stmt"/>
        <line num="20" count="15" type="stmt"/>
        <line num="21" count="42" type="cond" truecount="4" falsecount="0"/>
        <line num="22" count="30" type="cond" truecount="2" falsecount="0"/>
        <line num="23" count="16" type="cond" truecount="1" falsecount="1"/>
        <line num="24" count="0" type="stmt"/>
        <line num="27" count="15" type="stmt"/>
        <line num="28" count="42" type="cond" truecount="4" falsecount="0"/>
        <line num="31" count="82" type="stmt"/>
        <line num="32" count="30" type="stmt"/>
        <line num="33" count="30" type="stmt"/>
        <line num="34" count="30" type="stmt"/>
        <line num="36" count="30" type="stmt"/>
        <line num="37" count="112" type="cond" truecount="2" falsecount="0"/>
        <line num="38" count="50" type="stmt"/>
        <line num="40" count="62" type="cond" truecount="2" falsecount="0"/>
        <line num="41" count="44" type="stmt"/>
        <line num="43" count="18" type="stmt"/>
        <line num="45" count="62" type="stmt"/>
        <line num="46" count="62" type="stmt"/>
        <line num="50" count="30" type="stmt"/>
        <line num="53" count="15" type="stmt"/>
        <line num="54" count="42" type="cond" truecount="4" falsecount="0"/>
        <line num="56" count="30" type="stmt"/>
        <line num="57" count="30" type="cond" truecount="2" falsecount="0"/>
        <line num="58" count="16" type="cond" truecount="1" falsecount="1"/>
        <line num="60" count="30" type="stmt"/>
        <line num="70" count="15" type="cond" truecount="4" falsecount="0"/>
        <line num="71" count="1" type="stmt"/>
        <line num="90" count="14" type="stmt"/>
        <line num="112" count="21" type="cond" truecount="1" falsecount="1"/>
      </file>
      <file name="Summary.js" path="D:\work\samWe\code-analyzer\src\components\Summary.js">
        <metrics statements="12" coveredstatements="12" conditionals="16" coveredconditionals="15" methods="4" coveredmethods="4"/>
        <line num="12" count="13" type="stmt"/>
        <line num="13" count="26" type="cond" truecount="3" falsecount="1"/>
        <line num="14" count="26" type="stmt"/>
        <line num="17" count="13" type="stmt"/>
        <line num="18" count="26" type="cond" truecount="4" falsecount="0"/>
        <line num="19" count="14" type="stmt"/>
        <line num="22" count="13" type="stmt"/>
        <line num="23" count="26" type="cond" truecount="4" falsecount="0"/>
        <line num="24" count="14" type="cond" truecount="2" falsecount="0"/>
        <line num="25" count="9" type="cond" truecount="2" falsecount="0"/>
        <line num="26" count="4" type="stmt"/>
        <line num="29" count="13" type="stmt"/>
      </file>
    </package>
    <package name="src.services">
      <metrics statements="148" coveredstatements="86" conditionals="86" coveredconditionals="45" methods="22" coveredmethods="11"/>
      <file name="codeAnalyzer.js" path="D:\work\samWe\code-analyzer\src\services\codeAnalyzer.js">
        <metrics statements="82" coveredstatements="68" conditionals="52" coveredconditionals="37" methods="10" coveredmethods="9"/>
        <line num="1" count="1" type="stmt"/>
        <line num="2" count="1" type="stmt"/>
        <line num="3" count="1" type="stmt"/>
        <line num="6" count="1" type="stmt"/>
        <line num="18" count="1" type="stmt"/>
        <line num="26" count="17" type="stmt"/>
        <line num="27" count="72" type="stmt"/>
        <line num="36" count="11" type="stmt"/>
        <line num="45" count="10" type="stmt"/>
        <line num="46" count="10" type="stmt"/>
        <line num="54" count="10" type="stmt"/>
        <line num="57" count="169" type="cond" truecount="1" falsecount="1"/>
        <line num="60" count="169" type="stmt"/>
        <line num="88" count="169" type="cond" truecount="2" falsecount="0"/>
        <line num="89" count="45" type="stmt"/>
        <line num="93" count="169" type="stmt"/>
        <line num="94" count="823" type="cond" truecount="7" falsecount="0"/>
        <line num="95" count="507" type="stmt"/>
        <line num="98" count="316" type="stmt"/>
        <line num="99" count="316" type="cond" truecount="2" falsecount="0"/>
        <line num="100" count="44" type="stmt"/>
        <line num="101" count="61" type="cond" truecount="4" falsecount="1"/>
        <line num="102" count="61" type="stmt"/>
        <line num="105" count="272" type="cond" truecount="5" falsecount="0"/>
        <line num="106" count="98" type="stmt"/>
        <line num="111" count="10" type="stmt"/>
        <line num="112" count="10" type="stmt"/>
        <line num="115" count="0" type="stmt"/>
        <line num="116" count="0" type="stmt"/>
        <line num="127" count="0" type="stmt"/>
        <line num="132" count="0" type="cond" truecount="0" falsecount="2"/>
        <line num="133" count="0" type="cond" truecount="0" falsecount="2"/>
        <line num="135" count="0" type="stmt"/>
        <line num="144" count="5" type="stmt"/>
        <line num="145" count="5" type="stmt"/>
        <line num="146" count="4" type="stmt"/>
        <line num="149" count="4" type="stmt"/>
        <line num="150" count="4" type="stmt"/>
        <line num="152" count="4" type="stmt"/>
        <line num="153" count="40" type="stmt"/>
        <line num="156" count="40" type="cond" truecount="1" falsecount="1"/>
        <line num="157" count="0" type="cond" truecount="0" falsecount="2"/>
        <line num="158" count="0" type="stmt"/>
        <line num="160" count="0" type="stmt"/>
        <line num="163" count="40" type="cond" truecount="1" falsecount="1"/>
        <line num="164" count="0" type="cond" truecount="0" falsecount="2"/>
        <line num="165" count="0" type="stmt"/>
        <line num="167" count="0" type="stmt"/>
        <line num="171" count="40" type="cond" truecount="4" falsecount="0"/>
        <line num="172" count="8" type="stmt"/>
        <line num="175" count="32" type="stmt"/>
        <line num="178" count="4" type="stmt"/>
        <line num="180" count="4" type="stmt"/>
        <line num="190" count="1" type="stmt"/>
        <line num="210" count="6" type="stmt"/>
        <line num="212" count="6" type="stmt"/>
        <line num="213" count="6" type="stmt"/>
        <line num="215" count="6" type="stmt"/>
        <line num="216" count="18" type="stmt"/>
        <line num="218" count="18" type="cond" truecount="2" falsecount="0"/>
        <line num="219" count="6" type="cond" truecount="1" falsecount="1"/>
        <line num="220" count="0" type="stmt"/>
        <line num="222" count="12" type="cond" truecount="3" falsecount="1"/>
        <line num="223" count="12" type="cond" truecount="2" falsecount="0"/>
        <line num="224" count="6" type="stmt"/>
        <line num="229" count="0" type="stmt"/>
        <line num="232" count="6" type="stmt"/>
        <line num="241" count="3" type="stmt"/>
        <line num="242" count="3" type="stmt"/>
        <line num="244" count="3" type="stmt"/>
        <line num="245" count="3" type="stmt"/>
        <line num="246" count="3" type="stmt"/>
        <line num="248" count="3" type="stmt"/>
        <line num="249" count="3" type="stmt"/>
        <line num="252" count="3" type="stmt"/>
        <line num="254" count="3" type="stmt"/>
        <line num="256" count="3" type="cond" truecount="1" falsecount="1"/>
        <line num="257" count="3" type="stmt"/>
        <line num="258" count="3" type="stmt"/>
        <line num="259" count="3" type="stmt"/>
        <line num="263" count="3" type="stmt"/>
        <line num="276" count="1" type="stmt"/>
      </file>
      <file name="coverageRunner.js" path="D:\work\samWe\code-analyzer\src\services\coverageRunner.js">
        <metrics statements="66" coveredstatements="18" conditionals="34" coveredconditionals="8" methods="12" coveredmethods="2"/>
        <line num="1" count="1" type="stmt"/>
        <line num="2" count="1" type="stmt"/>
        <line num="3" count="1" type="stmt"/>
        <line num="11" count="0" type="stmt"/>
        <line num="13" count="0" type="stmt"/>
        <line num="14" count="0" type="cond" truecount="0" falsecount="2"/>
        <line num="16" count="0" type="stmt"/>
        <line num="28" count="0" type="stmt"/>
        <line num="32" count="0" type="stmt"/>
        <line num="33" count="0" type="cond" truecount="0" falsecount="2"/>
        <line num="36" count="0" type="stmt"/>
        <line num="39" count="0" type="stmt"/>
        <line num="48" count="0" type="stmt"/>
        <line num="54" count="0" type="stmt"/>
        <line num="55" count="0" type="stmt"/>
        <line num="57" count="0" type="stmt"/>
        <line num="58" count="0" type="stmt"/>
        <line num="61" count="0" type="stmt"/>
        <line num="62" count="0" type="stmt"/>
        <line num="65" count="0" type="stmt"/>
        <line num="67" count="0" type="stmt"/>
        <line num="68" count="0" type="stmt"/>
        <line num="70" count="0" type="stmt"/>
        <line num="71" count="0" type="cond" truecount="0" falsecount="2"/>
        <line num="72" count="0" type="stmt"/>
        <line num="73" count="0" type="cond" truecount="0" falsecount="2"/>
        <line num="77" count="0" type="stmt"/>
        <line num="79" count="0" type="stmt"/>
        <line num="87" count="0" type="stmt"/>
        <line num="103" count="0" type="stmt"/>
        <line num="118" count="0" type="stmt"/>
        <line num="119" count="0" type="stmt"/>
        <line num="142" count="0" type="stmt"/>
        <line num="144" count="0" type="stmt"/>
        <line num="145" count="0" type="stmt"/>
        <line num="148" count="0" type="cond" truecount="0" falsecount="2"/>
        <line num="149" count="0" type="stmt"/>
        <line num="150" count="0" type="stmt"/>
        <line num="153" count="0" type="cond" truecount="0" falsecount="2"/>
        <line num="154" count="0" type="stmt"/>
        <line num="155" count="0" type="stmt"/>
        <line num="158" count="0" type="stmt"/>
        <line num="159" count="0" type="cond" truecount="0" falsecount="2"/>
        <line num="160" count="0" type="stmt"/>
        <line num="161" count="0" type="cond" truecount="0" falsecount="4"/>
        <line num="162" count="0" type="stmt"/>
        <line num="163" count="0" type="cond" truecount="0" falsecount="4"/>
        <line num="164" count="0" type="stmt"/>
        <line num="170" count="0" type="stmt"/>
        <line num="184" count="0" type="stmt"/>
        <line num="188" count="0" type="stmt"/>
        <line num="197" count="7" type="cond" truecount="4" falsecount="0"/>
        <line num="199" count="18" type="stmt"/>
        <line num="200" count="5" type="stmt"/>
        <line num="201" count="5" type="stmt"/>
        <line num="202" count="5" type="stmt"/>
        <line num="204" count="5" type="stmt"/>
        <line num="205" count="19" type="cond" truecount="2" falsecount="0"/>
        <line num="206" count="8" type="stmt"/>
        <line num="208" count="11" type="cond" truecount="2" falsecount="0"/>
        <line num="209" count="7" type="stmt"/>
        <line num="211" count="4" type="stmt"/>
        <line num="213" count="11" type="stmt"/>
        <line num="214" count="11" type="stmt"/>
        <line num="218" count="5" type="stmt"/>
        <line num="221" count="1" type="stmt"/>
      </file>
    </package>
  </project>
</coverage>
