{"D:\\work\\samWe\\code-analyzer\\src\\App.js": {"path":"D:\\work\\samWe\\code-analyzer\\src\\App.js","statementMap":{"0":{"start":{"line":7,"column":40},"end":{"line":7,"column":52}},"1":{"start":{"line":8,"column":50},"end":{"line":8,"column":64}},"2":{"start":{"line":9,"column":50},"end":{"line":9,"column":64}},"3":{"start":{"line":10,"column":38},"end":{"line":10,"column":53}},"4":{"start":{"line":11,"column":48},"end":{"line":11,"column":60}},"5":{"start":{"line":12,"column":30},"end":{"line":12,"column":44}},"6":{"start":{"line":14,"column":31},"end":{"line":24,"column":10}},"7":{"start":{"line":15,"column":8},"end":{"line":23,"column":9}},"8":{"start":{"line":16,"column":33},"end":{"line":16,"column":72}},"9":{"start":{"line":17,"column":12},"end":{"line":20,"column":13}},"10":{"start":{"line":18,"column":16},"end":{"line":18,"column":44}},"11":{"start":{"line":19,"column":16},"end":{"line":19,"column":31}},"12":{"start":{"line":22,"column":12},"end":{"line":22,"column":69}},"13":{"start":{"line":26,"column":26},"end":{"line":73,"column":20}},"14":{"start":{"line":27,"column":8},"end":{"line":30,"column":9}},"15":{"start":{"line":28,"column":12},"end":{"line":28,"column":53}},"16":{"start":{"line":29,"column":12},"end":{"line":29,"column":19}},"17":{"start":{"line":32,"column":8},"end":{"line":32,"column":27}},"18":{"start":{"line":33,"column":8},"end":{"line":33,"column":23}},"19":{"start":{"line":34,"column":8},"end":{"line":34,"column":33}},"20":{"start":{"line":35,"column":8},"end":{"line":35,"column":33}},"21":{"start":{"line":37,"column":8},"end":{"line":72,"column":9}},"22":{"start":{"line":39,"column":12},"end":{"line":39,"column":61}},"23":{"start":{"line":40,"column":37},"end":{"line":40,"column":87}},"24":{"start":{"line":42,"column":12},"end":{"line":44,"column":13}},"25":{"start":{"line":43,"column":16},"end":{"line":43,"column":77}},"26":{"start":{"line":46,"column":12},"end":{"line":46,"column":54}},"27":{"start":{"line":49,"column":12},"end":{"line":49,"column":74}},"28":{"start":{"line":50,"column":37},"end":{"line":50,"column":85}},"29":{"start":{"line":52,"column":12},"end":{"line":65,"column":13}},"30":{"start":{"line":53,"column":16},"end":{"line":53,"column":58}},"31":{"start":{"line":56,"column":16},"end":{"line":56,"column":84}},"32":{"start":{"line":57,"column":16},"end":{"line":64,"column":19}},"33":{"start":{"line":68,"column":12},"end":{"line":68,"column":34}},"34":{"start":{"line":70,"column":12},"end":{"line":70,"column":32}},"35":{"start":{"line":71,"column":12},"end":{"line":71,"column":34}},"36":{"start":{"line":76,"column":29},"end":{"line":95,"column":42}},"37":{"start":{"line":77,"column":8},"end":{"line":77,"column":40}},"38":{"start":{"line":77,"column":30},"end":{"line":77,"column":40}},"39":{"start":{"line":79,"column":28},"end":{"line":79,"column":37}},"40":{"start":{"line":80,"column":8},"end":{"line":84,"column":9}},"41":{"start":{"line":81,"column":12},"end":{"line":83,"column":15}},"42":{"start":{"line":82,"column":16},"end":{"line":82,"column":57}},"43":{"start":{"line":86,"column":8},"end":{"line":94,"column":11}},"44":{"start":{"line":87,"column":29},"end":{"line":87,"column":69}},"45":{"start":{"line":88,"column":12},"end":{"line":93,"column":14}},"46":{"start":{"line":98,"column":23},"end":{"line":116,"column":42}},"47":{"start":{"line":99,"column":31},"end":{"line":104,"column":9}},"48":{"start":{"line":106,"column":8},"end":{"line":106,"column":52}},"49":{"start":{"line":106,"column":30},"end":{"line":106,"column":52}},"50":{"start":{"line":108,"column":24},"end":{"line":113,"column":9}},"51":{"start":{"line":115,"column":8},"end":{"line":115,"column":23}},"52":{"start":{"line":118,"column":4},"end":{"line":175,"column":6}}},"fnMap":{"0":{"name":"App","decl":{"start":{"line":6,"column":9},"end":{"line":6,"column":12}},"loc":{"start":{"line":6,"column":15},"end":{"line":176,"column":1}},"line":6},"1":{"name":"(anonymous_1)","decl":{"start":{"line":14,"column":43},"end":{"line":14,"column":44}},"loc":{"start":{"line":14,"column":55},"end":{"line":24,"column":5}},"line":14},"2":{"name":"(anonymous_2)","decl":{"start":{"line":26,"column":38},"end":{"line":26,"column":39}},"loc":{"start":{"line":26,"column":50},"end":{"line":73,"column":5}},"line":26},"3":{"name":"(anonymous_3)","decl":{"start":{"line":76,"column":41},"end":{"line":76,"column":42}},"loc":{"start":{"line":76,"column":47},"end":{"line":95,"column":5}},"line":76},"4":{"name":"(anonymous_4)","decl":{"start":{"line":81,"column":42},"end":{"line":81,"column":43}},"loc":{"start":{"line":81,"column":50},"end":{"line":83,"column":13}},"line":81},"5":{"name":"(anonymous_5)","decl":{"start":{"line":86,"column":41},"end":{"line":86,"column":42}},"loc":{"start":{"line":86,"column":49},"end":{"line":94,"column":9}},"line":86},"6":{"name":"(anonymous_6)","decl":{"start":{"line":98,"column":35},"end":{"line":98,"column":36}},"loc":{"start":{"line":98,"column":41},"end":{"line":116,"column":5}},"line":98}},"branchMap":{"0":{"loc":{"start":{"line":17,"column":12},"end":{"line":20,"column":13}},"type":"if","locations":[{"start":{"line":17,"column":12},"end":{"line":20,"column":13}},{"start":{},"end":{}}],"line":17},"1":{"loc":{"start":{"line":27,"column":8},"end":{"line":30,"column":9}},"type":"if","locations":[{"start":{"line":27,"column":8},"end":{"line":30,"column":9}},{"start":{},"end":{}}],"line":27},"2":{"loc":{"start":{"line":42,"column":12},"end":{"line":44,"column":13}},"type":"if","locations":[{"start":{"line":42,"column":12},"end":{"line":44,"column":13}},{"start":{},"end":{}}],"line":42},"3":{"loc":{"start":{"line":43,"column":32},"end":{"line":43,"column":75}},"type":"binary-expr","locations":[{"start":{"line":43,"column":32},"end":{"line":43,"column":54}},{"start":{"line":43,"column":58},"end":{"line":43,"column":75}}],"line":43},"4":{"loc":{"start":{"line":52,"column":12},"end":{"line":65,"column":13}},"type":"if","locations":[{"start":{"line":52,"column":12},"end":{"line":65,"column":13}},{"start":{"line":54,"column":19},"end":{"line":65,"column":13}}],"line":52},"5":{"loc":{"start":{"line":77,"column":8},"end":{"line":77,"column":40}},"type":"if","locations":[{"start":{"line":77,"column":8},"end":{"line":77,"column":40}},{"start":{},"end":{}}],"line":77},"6":{"loc":{"start":{"line":80,"column":8},"end":{"line":84,"column":9}},"type":"if","locations":[{"start":{"line":80,"column":8},"end":{"line":84,"column":9}},{"start":{},"end":{}}],"line":80},"7":{"loc":{"start":{"line":80,"column":12},"end":{"line":80,"column":52}},"type":"binary-expr","locations":[{"start":{"line":80,"column":12},"end":{"line":80,"column":27}},{"start":{"line":80,"column":31},"end":{"line":80,"column":52}}],"line":80},"8":{"loc":{"start":{"line":87,"column":29},"end":{"line":87,"column":69}},"type":"binary-expr","locations":[{"start":{"line":87,"column":29},"end":{"line":87,"column":63}},{"start":{"line":87,"column":67},"end":{"line":87,"column":69}}],"line":87},"9":{"loc":{"start":{"line":90,"column":30},"end":{"line":90,"column":57}},"type":"binary-expr","locations":[{"start":{"line":90,"column":30},"end":{"line":90,"column":49}},{"start":{"line":90,"column":53},"end":{"line":90,"column":57}}],"line":90},"10":{"loc":{"start":{"line":91,"column":35},"end":{"line":91,"column":67}},"type":"binary-expr","locations":[{"start":{"line":91,"column":35},"end":{"line":91,"column":59}},{"start":{"line":91,"column":63},"end":{"line":91,"column":67}}],"line":91},"11":{"loc":{"start":{"line":92,"column":30},"end":{"line":92,"column":57}},"type":"binary-expr","locations":[{"start":{"line":92,"column":30},"end":{"line":92,"column":51}},{"start":{"line":92,"column":55},"end":{"line":92,"column":57}}],"line":92},"12":{"loc":{"start":{"line":106,"column":8},"end":{"line":106,"column":52}},"type":"if","locations":[{"start":{"line":106,"column":8},"end":{"line":106,"column":52}},{"start":{},"end":{}}],"line":106},"13":{"loc":{"start":{"line":111,"column":26},"end":{"line":111,"column":70}},"type":"binary-expr","locations":[{"start":{"line":111,"column":26},"end":{"line":111,"column":62}},{"start":{"line":111,"column":66},"end":{"line":111,"column":70}}],"line":111},"14":{"loc":{"start":{"line":112,"column":31},"end":{"line":112,"column":80}},"type":"binary-expr","locations":[{"start":{"line":112,"column":31},"end":{"line":112,"column":72}},{"start":{"line":112,"column":76},"end":{"line":112,"column":80}}],"line":112},"15":{"loc":{"start":{"line":130,"column":13},"end":{"line":135,"column":13}},"type":"binary-expr","locations":[{"start":{"line":130,"column":13},"end":{"line":130,"column":18}},{"start":{"line":131,"column":16},"end":{"line":134,"column":22}}],"line":130},"16":{"loc":{"start":{"line":147,"column":13},"end":{"line":149,"column":13}},"type":"binary-expr","locations":[{"start":{"line":147,"column":13},"end":{"line":147,"column":28}},{"start":{"line":148,"column":16},"end":{"line":148,"column":45}}],"line":147},"17":{"loc":{"start":{"line":152,"column":13},"end":{"line":165,"column":13}},"type":"cond-expr","locations":[{"start":{"line":153,"column":16},"end":{"line":156,"column":18}},{"start":{"line":158,"column":16},"end":{"line":164,"column":22}}],"line":152},"18":{"loc":{"start":{"line":168,"column":13},"end":{"line":173,"column":13}},"type":"binary-expr","locations":[{"start":{"line":168,"column":13},"end":{"line":168,"column":22}},{"start":{"line":169,"column":16},"end":{"line":172,"column":22}}],"line":168}},"s":{"0":23,"1":23,"2":23,"3":23,"4":23,"5":23,"6":23,"7":3,"8":3,"9":3,"10":3,"11":3,"12":0,"13":23,"14":2,"15":0,"16":0,"17":2,"18":2,"19":2,"20":2,"21":2,"22":2,"23":2,"24":2,"25":1,"26":1,"27":1,"28":1,"29":1,"30":1,"31":0,"32":0,"33":1,"34":2,"35":2,"36":23,"37":5,"38":0,"39":5,"40":5,"41":0,"42":0,"43":5,"44":5,"45":5,"46":23,"47":5,"48":5,"49":0,"50":5,"51":5,"52":23},"f":{"0":23,"1":3,"2":2,"3":5,"4":0,"5":5,"6":5},"b":{"0":[3,0],"1":[0,2],"2":[1,1],"3":[1,0],"4":[1,0],"5":[0,5],"6":[0,5],"7":[5,0],"8":[5,5],"9":[5,5],"10":[5,5],"11":[5,5],"12":[0,5],"13":[5,5],"14":[5,5],"15":[23,3],"16":[23,5],"17":[5,18],"18":[23,6]},"_coverageSchema":"1a1c01bbd47fc00a2c39e90264f33305004495a9","hash":"1912a291b1ceb8a5c8fa89eec6359422d2da5ecc"}
,"D:\\work\\samWe\\code-analyzer\\src\\components\\FolderBrowser.js": {"path":"D:\\work\\samWe\\code-analyzer\\src\\components\\FolderBrowser.js","statementMap":{"0":{"start":{"line":19,"column":30},"end":{"line":21,"column":5}},"1":{"start":{"line":20,"column":8},"end":{"line":20,"column":43}},"2":{"start":{"line":23,"column":27},"end":{"line":27,"column":5}},"3":{"start":{"line":24,"column":8},"end":{"line":26,"column":9}},"4":{"start":{"line":25,"column":12},"end":{"line":25,"column":24}},"5":{"start":{"line":29,"column":4},"end":{"line":64,"column":6}}},"fnMap":{"0":{"name":"FolderBrowser","decl":{"start":{"line":12,"column":9},"end":{"line":12,"column":22}},"loc":{"start":{"line":18,"column":3},"end":{"line":65,"column":1}},"line":18},"1":{"name":"(anonymous_1)","decl":{"start":{"line":19,"column":30},"end":{"line":19,"column":31}},"loc":{"start":{"line":19,"column":37},"end":{"line":21,"column":5}},"line":19},"2":{"name":"(anonymous_2)","decl":{"start":{"line":23,"column":27},"end":{"line":23,"column":28}},"loc":{"start":{"line":23,"column":34},"end":{"line":27,"column":5}},"line":23}},"branchMap":{"0":{"loc":{"start":{"line":24,"column":8},"end":{"line":26,"column":9}},"type":"if","locations":[{"start":{"line":24,"column":8},"end":{"line":26,"column":9}},{"start":{},"end":{}}],"line":24},"1":{"loc":{"start":{"line":24,"column":12},"end":{"line":24,"column":57}},"type":"binary-expr","locations":[{"start":{"line":24,"column":12},"end":{"line":24,"column":29}},{"start":{"line":24,"column":33},"end":{"line":24,"column":43}},{"start":{"line":24,"column":47},"end":{"line":24,"column":57}}],"line":24},"2":{"loc":{"start":{"line":56,"column":30},"end":{"line":56,"column":54}},"type":"binary-expr","locations":[{"start":{"line":56,"column":30},"end":{"line":56,"column":41}},{"start":{"line":56,"column":45},"end":{"line":56,"column":54}}],"line":56},"3":{"loc":{"start":{"line":60,"column":21},"end":{"line":60,"column":59}},"type":"cond-expr","locations":[{"start":{"line":60,"column":33},"end":{"line":60,"column":47}},{"start":{"line":60,"column":50},"end":{"line":60,"column":59}}],"line":60}},"s":{"0":32,"1":1,"2":32,"3":2,"4":1,"5":32},"f":{"0":32,"1":1,"2":2},"b":{"0":[1,1],"1":[2,2,1],"2":[32,18],"3":[8,24]},"_coverageSchema":"1a1c01bbd47fc00a2c39e90264f33305004495a9","hash":"f786246237fd7c89a720097bd299b69c16f12eb2"}
,"D:\\work\\samWe\\code-analyzer\\src\\components\\ResultsGrid.js": {"path":"D:\\work\\samWe\\code-analyzer\\src\\components\\ResultsGrid.js","statementMap":{"0":{"start":{"line":10,"column":25},"end":{"line":13,"column":5}},"1":{"start":{"line":11,"column":8},"end":{"line":11,"column":58}},"2":{"start":{"line":11,"column":47},"end":{"line":11,"column":58}},"3":{"start":{"line":12,"column":8},"end":{"line":12,"column":36}},"4":{"start":{"line":15,"column":29},"end":{"line":18,"column":5}},"5":{"start":{"line":16,"column":8},"end":{"line":16,"column":58}},"6":{"start":{"line":16,"column":47},"end":{"line":16,"column":58}},"7":{"start":{"line":17,"column":8},"end":{"line":17,"column":25}},"8":{"start":{"line":20,"column":29},"end":{"line":25,"column":5}},"9":{"start":{"line":21,"column":8},"end":{"line":21,"column":57}},"10":{"start":{"line":21,"column":47},"end":{"line":21,"column":57}},"11":{"start":{"line":22,"column":8},"end":{"line":22,"column":46}},"12":{"start":{"line":22,"column":23},"end":{"line":22,"column":46}},"13":{"start":{"line":23,"column":8},"end":{"line":23,"column":48}},"14":{"start":{"line":23,"column":23},"end":{"line":23,"column":48}},"15":{"start":{"line":24,"column":8},"end":{"line":24,"column":30}},"16":{"start":{"line":27,"column":31},"end":{"line":51,"column":5}},"17":{"start":{"line":28,"column":8},"end":{"line":28,"column":53}},"18":{"start":{"line":28,"column":42},"end":{"line":28,"column":53}},"19":{"start":{"line":31,"column":23},"end":{"line":31,"column":55}},"20":{"start":{"line":31,"column":49},"end":{"line":31,"column":54}},"21":{"start":{"line":32,"column":23},"end":{"line":32,"column":25}},"22":{"start":{"line":33,"column":20},"end":{"line":33,"column":29}},"23":{"start":{"line":34,"column":18},"end":{"line":34,"column":27}},"24":{"start":{"line":36,"column":8},"end":{"line":48,"column":9}},"25":{"start":{"line":36,"column":21},"end":{"line":36,"column":22}},"26":{"start":{"line":37,"column":12},"end":{"line":47,"column":13}},"27":{"start":{"line":38,"column":16},"end":{"line":38,"column":32}},"28":{"start":{"line":40,"column":16},"end":{"line":44,"column":17}},"29":{"start":{"line":41,"column":20},"end":{"line":41,"column":47}},"30":{"start":{"line":43,"column":20},"end":{"line":43,"column":51}},"31":{"start":{"line":45,"column":16},"end":{"line":45,"column":34}},"32":{"start":{"line":46,"column":16},"end":{"line":46,"column":32}},"33":{"start":{"line":50,"column":8},"end":{"line":50,"column":33}},"34":{"start":{"line":53,"column":30},"end":{"line":68,"column":5}},"35":{"start":{"line":54,"column":8},"end":{"line":54,"column":59}},"36":{"start":{"line":54,"column":47},"end":{"line":54,"column":59}},"37":{"start":{"line":56,"column":23},"end":{"line":56,"column":28}},"38":{"start":{"line":57,"column":8},"end":{"line":58,"column":48}},"39":{"start":{"line":57,"column":23},"end":{"line":57,"column":41}},"40":{"start":{"line":58,"column":13},"end":{"line":58,"column":48}},"41":{"start":{"line":58,"column":28},"end":{"line":58,"column":48}},"42":{"start":{"line":60,"column":8},"end":{"line":67,"column":10}},"43":{"start":{"line":70,"column":4},"end":{"line":88,"column":5}},"44":{"start":{"line":71,"column":8},"end":{"line":87,"column":10}},"45":{"start":{"line":90,"column":4},"end":{"line":140,"column":6}},"46":{"start":{"line":112,"column":32},"end":{"line":133,"column":37}}},"fnMap":{"0":{"name":"ResultsGrid","decl":{"start":{"line":9,"column":9},"end":{"line":9,"column":20}},"loc":{"start":{"line":9,"column":44},"end":{"line":141,"column":1}},"line":9},"1":{"name":"(anonymous_1)","decl":{"start":{"line":10,"column":25},"end":{"line":10,"column":26}},"loc":{"start":{"line":10,"column":34},"end":{"line":13,"column":5}},"line":10},"2":{"name":"(anonymous_2)","decl":{"start":{"line":15,"column":29},"end":{"line":15,"column":30}},"loc":{"start":{"line":15,"column":38},"end":{"line":18,"column":5}},"line":15},"3":{"name":"(anonymous_3)","decl":{"start":{"line":20,"column":29},"end":{"line":20,"column":30}},"loc":{"start":{"line":20,"column":38},"end":{"line":25,"column":5}},"line":20},"4":{"name":"(anonymous_4)","decl":{"start":{"line":27,"column":31},"end":{"line":27,"column":32}},"loc":{"start":{"line":27,"column":42},"end":{"line":51,"column":5}},"line":27},"5":{"name":"(anonymous_5)","decl":{"start":{"line":31,"column":39},"end":{"line":31,"column":40}},"loc":{"start":{"line":31,"column":49},"end":{"line":31,"column":54}},"line":31},"6":{"name":"(anonymous_6)","decl":{"start":{"line":53,"column":30},"end":{"line":53,"column":31}},"loc":{"start":{"line":53,"column":39},"end":{"line":68,"column":5}},"line":53},"7":{"name":"(anonymous_7)","decl":{"start":{"line":111,"column":39},"end":{"line":111,"column":40}},"loc":{"start":{"line":112,"column":32},"end":{"line":133,"column":37}},"line":112}},"branchMap":{"0":{"loc":{"start":{"line":11,"column":8},"end":{"line":11,"column":58}},"type":"if","locations":[{"start":{"line":11,"column":8},"end":{"line":11,"column":58}},{"start":{},"end":{}}],"line":11},"1":{"loc":{"start":{"line":11,"column":12},"end":{"line":11,"column":45}},"type":"binary-expr","locations":[{"start":{"line":11,"column":12},"end":{"line":11,"column":24}},{"start":{"line":11,"column":28},"end":{"line":11,"column":45}}],"line":11},"2":{"loc":{"start":{"line":16,"column":8},"end":{"line":16,"column":58}},"type":"if","locations":[{"start":{"line":16,"column":8},"end":{"line":16,"column":58}},{"start":{},"end":{}}],"line":16},"3":{"loc":{"start":{"line":16,"column":12},"end":{"line":16,"column":45}},"type":"binary-expr","locations":[{"start":{"line":16,"column":12},"end":{"line":16,"column":24}},{"start":{"line":16,"column":28},"end":{"line":16,"column":45}}],"line":16},"4":{"loc":{"start":{"line":21,"column":8},"end":{"line":21,"column":57}},"type":"if","locations":[{"start":{"line":21,"column":8},"end":{"line":21,"column":57}},{"start":{},"end":{}}],"line":21},"5":{"loc":{"start":{"line":21,"column":12},"end":{"line":21,"column":45}},"type":"binary-expr","locations":[{"start":{"line":21,"column":12},"end":{"line":21,"column":24}},{"start":{"line":21,"column":28},"end":{"line":21,"column":45}}],"line":21},"6":{"loc":{"start":{"line":22,"column":8},"end":{"line":22,"column":46}},"type":"if","locations":[{"start":{"line":22,"column":8},"end":{"line":22,"column":46}},{"start":{},"end":{}}],"line":22},"7":{"loc":{"start":{"line":23,"column":8},"end":{"line":23,"column":48}},"type":"if","locations":[{"start":{"line":23,"column":8},"end":{"line":23,"column":48}},{"start":{},"end":{}}],"line":23},"8":{"loc":{"start":{"line":28,"column":8},"end":{"line":28,"column":53}},"type":"if","locations":[{"start":{"line":28,"column":8},"end":{"line":28,"column":53}},{"start":{},"end":{}}],"line":28},"9":{"loc":{"start":{"line":28,"column":12},"end":{"line":28,"column":40}},"type":"binary-expr","locations":[{"start":{"line":28,"column":12},"end":{"line":28,"column":18}},{"start":{"line":28,"column":22},"end":{"line":28,"column":40}}],"line":28},"10":{"loc":{"start":{"line":37,"column":12},"end":{"line":47,"column":13}},"type":"if","locations":[{"start":{"line":37,"column":12},"end":{"line":47,"column":13}},{"start":{"line":39,"column":19},"end":{"line":47,"column":13}}],"line":37},"11":{"loc":{"start":{"line":40,"column":16},"end":{"line":44,"column":17}},"type":"if","locations":[{"start":{"line":40,"column":16},"end":{"line":44,"column":17}},{"start":{"line":42,"column":23},"end":{"line":44,"column":17}}],"line":40},"12":{"loc":{"start":{"line":54,"column":8},"end":{"line":54,"column":59}},"type":"if","locations":[{"start":{"line":54,"column":8},"end":{"line":54,"column":59}},{"start":{},"end":{}}],"line":54},"13":{"loc":{"start":{"line":54,"column":12},"end":{"line":54,"column":45}},"type":"binary-expr","locations":[{"start":{"line":54,"column":12},"end":{"line":54,"column":24}},{"start":{"line":54,"column":28},"end":{"line":54,"column":45}}],"line":54},"14":{"loc":{"start":{"line":57,"column":8},"end":{"line":58,"column":48}},"type":"if","locations":[{"start":{"line":57,"column":8},"end":{"line":58,"column":48}},{"start":{"line":58,"column":13},"end":{"line":58,"column":48}}],"line":57},"15":{"loc":{"start":{"line":58,"column":13},"end":{"line":58,"column":48}},"type":"if","locations":[{"start":{"line":58,"column":13},"end":{"line":58,"column":48}},{"start":{},"end":{}}],"line":58},"16":{"loc":{"start":{"line":70,"column":4},"end":{"line":88,"column":5}},"type":"if","locations":[{"start":{"line":70,"column":4},"end":{"line":88,"column":5}},{"start":{},"end":{}}],"line":70},"17":{"loc":{"start":{"line":70,"column":8},"end":{"line":70,"column":36}},"type":"binary-expr","locations":[{"start":{"line":70,"column":8},"end":{"line":70,"column":14}},{"start":{"line":70,"column":18},"end":{"line":70,"column":36}}],"line":70},"18":{"loc":{"start":{"line":112,"column":41},"end":{"line":112,"column":67}},"type":"binary-expr","locations":[{"start":{"line":112,"column":41},"end":{"line":112,"column":58}},{"start":{"line":112,"column":62},"end":{"line":112,"column":67}}],"line":112}},"s":{"0":15,"1":42,"2":0,"3":42,"4":15,"5":42,"6":12,"7":30,"8":15,"9":42,"10":12,"11":30,"12":14,"13":16,"14":16,"15":0,"16":15,"17":42,"18":12,"19":30,"20":82,"21":30,"22":30,"23":30,"24":30,"25":30,"26":112,"27":50,"28":62,"29":44,"30":18,"31":62,"32":62,"33":30,"34":15,"35":42,"36":12,"37":30,"38":30,"39":14,"40":16,"41":16,"42":30,"43":15,"44":1,"45":14,"46":21},"f":{"0":15,"1":42,"2":42,"3":42,"4":42,"5":82,"6":42,"7":21},"b":{"0":[0,42],"1":[42,42],"2":[12,30],"3":[42,30],"4":[12,30],"5":[42,30],"6":[14,16],"7":[16,0],"8":[12,30],"9":[42,42],"10":[50,62],"11":[44,18],"12":[12,30],"13":[42,30],"14":[14,16],"15":[16,0],"16":[1,14],"17":[15,15],"18":[21,0]},"_coverageSchema":"1a1c01bbd47fc00a2c39e90264f33305004495a9","hash":"69005462deb1e52f09c2b28a7df714134088325d"}
,"D:\\work\\samWe\\code-analyzer\\src\\components\\Summary.js": {"path":"D:\\work\\samWe\\code-analyzer\\src\\components\\Summary.js","statementMap":{"0":{"start":{"line":12,"column":25},"end":{"line":15,"column":5}},"1":{"start":{"line":13,"column":8},"end":{"line":13,"column":58}},"2":{"start":{"line":13,"column":47},"end":{"line":13,"column":58}},"3":{"start":{"line":14,"column":8},"end":{"line":14,"column":36}},"4":{"start":{"line":17,"column":29},"end":{"line":20,"column":5}},"5":{"start":{"line":18,"column":8},"end":{"line":18,"column":58}},"6":{"start":{"line":18,"column":47},"end":{"line":18,"column":58}},"7":{"start":{"line":19,"column":8},"end":{"line":19,"column":25}},"8":{"start":{"line":22,"column":29},"end":{"line":27,"column":5}},"9":{"start":{"line":23,"column":8},"end":{"line":23,"column":57}},"10":{"start":{"line":23,"column":47},"end":{"line":23,"column":57}},"11":{"start":{"line":24,"column":8},"end":{"line":24,"column":40}},"12":{"start":{"line":24,"column":23},"end":{"line":24,"column":40}},"13":{"start":{"line":25,"column":8},"end":{"line":25,"column":40}},"14":{"start":{"line":25,"column":23},"end":{"line":25,"column":40}},"15":{"start":{"line":26,"column":8},"end":{"line":26,"column":23}},"16":{"start":{"line":29,"column":4},"end":{"line":53,"column":6}}},"fnMap":{"0":{"name":"Summary","decl":{"start":{"line":11,"column":9},"end":{"line":11,"column":16}},"loc":{"start":{"line":11,"column":83},"end":{"line":54,"column":1}},"line":11},"1":{"name":"(anonymous_1)","decl":{"start":{"line":12,"column":25},"end":{"line":12,"column":26}},"loc":{"start":{"line":12,"column":34},"end":{"line":15,"column":5}},"line":12},"2":{"name":"(anonymous_2)","decl":{"start":{"line":17,"column":29},"end":{"line":17,"column":30}},"loc":{"start":{"line":17,"column":38},"end":{"line":20,"column":5}},"line":17},"3":{"name":"(anonymous_3)","decl":{"start":{"line":22,"column":29},"end":{"line":22,"column":30}},"loc":{"start":{"line":22,"column":38},"end":{"line":27,"column":5}},"line":22}},"branchMap":{"0":{"loc":{"start":{"line":13,"column":8},"end":{"line":13,"column":58}},"type":"if","locations":[{"start":{"line":13,"column":8},"end":{"line":13,"column":58}},{"start":{},"end":{}}],"line":13},"1":{"loc":{"start":{"line":13,"column":12},"end":{"line":13,"column":45}},"type":"binary-expr","locations":[{"start":{"line":13,"column":12},"end":{"line":13,"column":24}},{"start":{"line":13,"column":28},"end":{"line":13,"column":45}}],"line":13},"2":{"loc":{"start":{"line":18,"column":8},"end":{"line":18,"column":58}},"type":"if","locations":[{"start":{"line":18,"column":8},"end":{"line":18,"column":58}},{"start":{},"end":{}}],"line":18},"3":{"loc":{"start":{"line":18,"column":12},"end":{"line":18,"column":45}},"type":"binary-expr","locations":[{"start":{"line":18,"column":12},"end":{"line":18,"column":24}},{"start":{"line":18,"column":28},"end":{"line":18,"column":45}}],"line":18},"4":{"loc":{"start":{"line":23,"column":8},"end":{"line":23,"column":57}},"type":"if","locations":[{"start":{"line":23,"column":8},"end":{"line":23,"column":57}},{"start":{},"end":{}}],"line":23},"5":{"loc":{"start":{"line":23,"column":12},"end":{"line":23,"column":45}},"type":"binary-expr","locations":[{"start":{"line":23,"column":12},"end":{"line":23,"column":24}},{"start":{"line":23,"column":28},"end":{"line":23,"column":45}}],"line":23},"6":{"loc":{"start":{"line":24,"column":8},"end":{"line":24,"column":40}},"type":"if","locations":[{"start":{"line":24,"column":8},"end":{"line":24,"column":40}},{"start":{},"end":{}}],"line":24},"7":{"loc":{"start":{"line":25,"column":8},"end":{"line":25,"column":40}},"type":"if","locations":[{"start":{"line":25,"column":8},"end":{"line":25,"column":40}},{"start":{},"end":{}}],"line":25}},"s":{"0":13,"1":26,"2":0,"3":26,"4":13,"5":26,"6":12,"7":14,"8":13,"9":26,"10":12,"11":14,"12":5,"13":9,"14":5,"15":4,"16":13},"f":{"0":13,"1":26,"2":26,"3":26},"b":{"0":[0,26],"1":[26,26],"2":[12,14],"3":[26,14],"4":[12,14],"5":[26,14],"6":[5,9],"7":[5,4]},"_coverageSchema":"1a1c01bbd47fc00a2c39e90264f33305004495a9","hash":"9c6065fc741a41ae5068ef0fb363c7049da20147"}
,"D:\\work\\samWe\\code-analyzer\\src\\services\\codeAnalyzer.js": {"path":"D:\\work\\samWe\\code-analyzer\\src\\services\\codeAnalyzer.js","statementMap":{"0":{"start":{"line":1,"column":11},"end":{"line":1,"column":24}},"1":{"start":{"line":2,"column":13},"end":{"line":2,"column":28}},"2":{"start":{"line":3,"column":14},"end":{"line":3,"column":30}},"3":{"start":{"line":6,"column":29},"end":{"line":15,"column":1}},"4":{"start":{"line":18,"column":28},"end":{"line":18,"column":90}},"5":{"start":{"line":26,"column":21},"end":{"line":26,"column":44}},"6":{"start":{"line":27,"column":4},"end":{"line":27,"column":72}},"7":{"start":{"line":27,"column":48},"end":{"line":27,"column":70}},"8":{"start":{"line":36,"column":4},"end":{"line":36,"column":52}},"9":{"start":{"line":45,"column":4},"end":{"line":117,"column":5}},"10":{"start":{"line":46,"column":20},"end":{"line":52,"column":10}},"11":{"start":{"line":54,"column":29},"end":{"line":54,"column":30}},"12":{"start":{"line":57,"column":12},"end":{"line":57,"column":30}},"13":{"start":{"line":57,"column":23},"end":{"line":57,"column":30}},"14":{"start":{"line":60,"column":35},"end":{"line":86,"column":13}},"15":{"start":{"line":88,"column":12},"end":{"line":90,"column":13}},"16":{"start":{"line":89,"column":16},"end":{"line":89,"column":33}},"17":{"start":{"line":93,"column":12},"end":{"line":108,"column":13}},"18":{"start":{"line":94,"column":16},"end":{"line":96,"column":17}},"19":{"start":{"line":95,"column":20},"end":{"line":95,"column":29}},"20":{"start":{"line":98,"column":30},"end":{"line":98,"column":39}},"21":{"start":{"line":99,"column":16},"end":{"line":107,"column":17}},"22":{"start":{"line":100,"column":20},"end":{"line":104,"column":23}},"23":{"start":{"line":101,"column":24},"end":{"line":103,"column":25}},"24":{"start":{"line":102,"column":28},"end":{"line":102,"column":41}},"25":{"start":{"line":105,"column":23},"end":{"line":107,"column":17}},"26":{"start":{"line":106,"column":20},"end":{"line":106,"column":37}},"27":{"start":{"line":111,"column":8},"end":{"line":111,"column":23}},"28":{"start":{"line":112,"column":8},"end":{"line":112,"column":30}},"29":{"start":{"line":115,"column":8},"end":{"line":115,"column":75}},"30":{"start":{"line":116,"column":8},"end":{"line":116,"column":45}},"31":{"start":{"line":127,"column":23},"end":{"line":129,"column":33}},"32":{"start":{"line":132,"column":23},"end":{"line":132,"column":60}},"33":{"start":{"line":133,"column":19},"end":{"line":133,"column":57}},"34":{"start":{"line":135,"column":4},"end":{"line":135,"column":47}},"35":{"start":{"line":144,"column":4},"end":{"line":200,"column":5}},"36":{"start":{"line":145,"column":24},"end":{"line":145,"column":57}},"37":{"start":{"line":146,"column":22},"end":{"line":146,"column":41}},"38":{"start":{"line":149,"column":24},"end":{"line":149,"column":25}},"39":{"start":{"line":150,"column":29},"end":{"line":150,"column":34}},"40":{"start":{"line":152,"column":8},"end":{"line":176,"column":9}},"41":{"start":{"line":153,"column":28},"end":{"line":153,"column":39}},"42":{"start":{"line":156,"column":12},"end":{"line":161,"column":13}},"43":{"start":{"line":157,"column":16},"end":{"line":159,"column":17}},"44":{"start":{"line":158,"column":20},"end":{"line":158,"column":43}},"45":{"start":{"line":160,"column":16},"end":{"line":160,"column":25}},"46":{"start":{"line":163,"column":12},"end":{"line":168,"column":13}},"47":{"start":{"line":164,"column":16},"end":{"line":166,"column":17}},"48":{"start":{"line":165,"column":20},"end":{"line":165,"column":42}},"49":{"start":{"line":167,"column":16},"end":{"line":167,"column":25}},"50":{"start":{"line":171,"column":12},"end":{"line":173,"column":13}},"51":{"start":{"line":172,"column":16},"end":{"line":172,"column":25}},"52":{"start":{"line":175,"column":12},"end":{"line":175,"column":24}},"53":{"start":{"line":178,"column":27},"end":{"line":178,"column":51}},"54":{"start":{"line":180,"column":8},"end":{"line":188,"column":10}},"55":{"start":{"line":190,"column":8},"end":{"line":199,"column":10}},"56":{"start":{"line":210,"column":18},"end":{"line":210,"column":20}},"57":{"start":{"line":212,"column":4},"end":{"line":230,"column":5}},"58":{"start":{"line":213,"column":24},"end":{"line":213,"column":75}},"59":{"start":{"line":215,"column":8},"end":{"line":227,"column":9}},"60":{"start":{"line":216,"column":29},"end":{"line":216,"column":62}},"61":{"start":{"line":218,"column":12},"end":{"line":226,"column":13}},"62":{"start":{"line":219,"column":16},"end":{"line":221,"column":17}},"63":{"start":{"line":220,"column":20},"end":{"line":220,"column":66}},"64":{"start":{"line":222,"column":19},"end":{"line":226,"column":13}},"65":{"start":{"line":223,"column":16},"end":{"line":225,"column":17}},"66":{"start":{"line":224,"column":20},"end":{"line":224,"column":41}},"67":{"start":{"line":229,"column":8},"end":{"line":229,"column":57}},"68":{"start":{"line":232,"column":4},"end":{"line":232,"column":17}},"69":{"start":{"line":241,"column":18},"end":{"line":241,"column":40}},"70":{"start":{"line":242,"column":20},"end":{"line":242,"column":22}},"71":{"start":{"line":244,"column":21},"end":{"line":244,"column":22}},"72":{"start":{"line":245,"column":25},"end":{"line":245,"column":26}},"73":{"start":{"line":246,"column":26},"end":{"line":246,"column":27}},"74":{"start":{"line":248,"column":4},"end":{"line":261,"column":5}},"75":{"start":{"line":249,"column":25},"end":{"line":249,"column":46}},"76":{"start":{"line":252,"column":8},"end":{"line":252,"column":68}},"77":{"start":{"line":254,"column":8},"end":{"line":254,"column":31}},"78":{"start":{"line":256,"column":8},"end":{"line":260,"column":9}},"79":{"start":{"line":257,"column":12},"end":{"line":257,"column":46}},"80":{"start":{"line":258,"column":12},"end":{"line":258,"column":49}},"81":{"start":{"line":259,"column":12},"end":{"line":259,"column":51}},"82":{"start":{"line":263,"column":4},"end":{"line":273,"column":6}},"83":{"start":{"line":276,"column":0},"end":{"line":283,"column":2}}},"fnMap":{"0":{"name":"shouldIgnoreFile","decl":{"start":{"line":25,"column":9},"end":{"line":25,"column":25}},"loc":{"start":{"line":25,"column":36},"end":{"line":28,"column":1}},"line":25},"1":{"name":"(anonymous_1)","decl":{"start":{"line":27,"column":37},"end":{"line":27,"column":38}},"loc":{"start":{"line":27,"column":48},"end":{"line":27,"column":70}},"line":27},"2":{"name":"shouldIgnoreFolder","decl":{"start":{"line":35,"column":9},"end":{"line":35,"column":27}},"loc":{"start":{"line":35,"column":40},"end":{"line":37,"column":1}},"line":35},"3":{"name":"countStatements","decl":{"start":{"line":44,"column":9},"end":{"line":44,"column":24}},"loc":{"start":{"line":44,"column":31},"end":{"line":118,"column":1}},"line":44},"4":{"name":"countNode","decl":{"start":{"line":56,"column":17},"end":{"line":56,"column":26}},"loc":{"start":{"line":56,"column":33},"end":{"line":109,"column":9}},"line":56},"5":{"name":"(anonymous_5)","decl":{"start":{"line":100,"column":34},"end":{"line":100,"column":35}},"loc":{"start":{"line":100,"column":39},"end":{"line":104,"column":21}},"line":100},"6":{"name":"countStatementsFallback","decl":{"start":{"line":125,"column":9},"end":{"line":125,"column":32}},"loc":{"start":{"line":125,"column":39},"end":{"line":136,"column":1}},"line":125},"7":{"name":"analyzeFile","decl":{"start":{"line":143,"column":9},"end":{"line":143,"column":20}},"loc":{"start":{"line":143,"column":31},"end":{"line":201,"column":1}},"line":143},"8":{"name":"getJsFiles","decl":{"start":{"line":209,"column":9},"end":{"line":209,"column":19}},"loc":{"start":{"line":209,"column":55},"end":{"line":233,"column":1}},"line":209},"9":{"name":"analyzeFolder","decl":{"start":{"line":240,"column":15},"end":{"line":240,"column":28}},"loc":{"start":{"line":240,"column":41},"end":{"line":274,"column":1}},"line":240}},"branchMap":{"0":{"loc":{"start":{"line":57,"column":12},"end":{"line":57,"column":30}},"type":"if","locations":[{"start":{"line":57,"column":12},"end":{"line":57,"column":30}},{"start":{},"end":{}}],"line":57},"1":{"loc":{"start":{"line":88,"column":12},"end":{"line":90,"column":13}},"type":"if","locations":[{"start":{"line":88,"column":12},"end":{"line":90,"column":13}},{"start":{},"end":{}}],"line":88},"2":{"loc":{"start":{"line":94,"column":16},"end":{"line":96,"column":17}},"type":"if","locations":[{"start":{"line":94,"column":16},"end":{"line":96,"column":17}},{"start":{},"end":{}}],"line":94},"3":{"loc":{"start":{"line":94,"column":20},"end":{"line":94,"column":106}},"type":"binary-expr","locations":[{"start":{"line":94,"column":20},"end":{"line":94,"column":34}},{"start":{"line":94,"column":38},"end":{"line":94,"column":53}},{"start":{"line":94,"column":57},"end":{"line":94,"column":70}},{"start":{"line":94,"column":74},"end":{"line":94,"column":87}},{"start":{"line":94,"column":91},"end":{"line":94,"column":106}}],"line":94},"4":{"loc":{"start":{"line":99,"column":16},"end":{"line":107,"column":17}},"type":"if","locations":[{"start":{"line":99,"column":16},"end":{"line":107,"column":17}},{"start":{"line":105,"column":23},"end":{"line":107,"column":17}}],"line":99},"5":{"loc":{"start":{"line":101,"column":24},"end":{"line":103,"column":25}},"type":"if","locations":[{"start":{"line":101,"column":24},"end":{"line":103,"column":25}},{"start":{},"end":{}}],"line":101},"6":{"loc":{"start":{"line":101,"column":28},"end":{"line":101,"column":64}},"type":"binary-expr","locations":[{"start":{"line":101,"column":28},"end":{"line":101,"column":29}},{"start":{"line":101,"column":33},"end":{"line":101,"column":54}},{"start":{"line":101,"column":58},"end":{"line":101,"column":64}}],"line":101},"7":{"loc":{"start":{"line":105,"column":23},"end":{"line":107,"column":17}},"type":"if","locations":[{"start":{"line":105,"column":23},"end":{"line":107,"column":17}},{"start":{},"end":{}}],"line":105},"8":{"loc":{"start":{"line":105,"column":27},"end":{"line":105,"column":75}},"type":"binary-expr","locations":[{"start":{"line":105,"column":27},"end":{"line":105,"column":32}},{"start":{"line":105,"column":36},"end":{"line":105,"column":61}},{"start":{"line":105,"column":65},"end":{"line":105,"column":75}}],"line":105},"9":{"loc":{"start":{"line":132,"column":24},"end":{"line":132,"column":52}},"type":"binary-expr","locations":[{"start":{"line":132,"column":24},"end":{"line":132,"column":46}},{"start":{"line":132,"column":50},"end":{"line":132,"column":52}}],"line":132},"10":{"loc":{"start":{"line":133,"column":20},"end":{"line":133,"column":49}},"type":"binary-expr","locations":[{"start":{"line":133,"column":20},"end":{"line":133,"column":43}},{"start":{"line":133,"column":47},"end":{"line":133,"column":49}}],"line":133},"11":{"loc":{"start":{"line":156,"column":12},"end":{"line":161,"column":13}},"type":"if","locations":[{"start":{"line":156,"column":12},"end":{"line":161,"column":13}},{"start":{},"end":{}}],"line":156},"12":{"loc":{"start":{"line":157,"column":16},"end":{"line":159,"column":17}},"type":"if","locations":[{"start":{"line":157,"column":16},"end":{"line":159,"column":17}},{"start":{},"end":{}}],"line":157},"13":{"loc":{"start":{"line":163,"column":12},"end":{"line":168,"column":13}},"type":"if","locations":[{"start":{"line":163,"column":12},"end":{"line":168,"column":13}},{"start":{},"end":{}}],"line":163},"14":{"loc":{"start":{"line":164,"column":16},"end":{"line":166,"column":17}},"type":"if","locations":[{"start":{"line":164,"column":16},"end":{"line":166,"column":17}},{"start":{},"end":{}}],"line":164},"15":{"loc":{"start":{"line":171,"column":12},"end":{"line":173,"column":13}},"type":"if","locations":[{"start":{"line":171,"column":12},"end":{"line":173,"column":13}},{"start":{},"end":{}}],"line":171},"16":{"loc":{"start":{"line":171,"column":16},"end":{"line":171,"column":58}},"type":"binary-expr","locations":[{"start":{"line":171,"column":16},"end":{"line":171,"column":30}},{"start":{"line":171,"column":34},"end":{"line":171,"column":58}}],"line":171},"17":{"loc":{"start":{"line":209,"column":32},"end":{"line":209,"column":53}},"type":"default-arg","locations":[{"start":{"line":209,"column":43},"end":{"line":209,"column":53}}],"line":209},"18":{"loc":{"start":{"line":218,"column":12},"end":{"line":226,"column":13}},"type":"if","locations":[{"start":{"line":218,"column":12},"end":{"line":226,"column":13}},{"start":{"line":222,"column":19},"end":{"line":226,"column":13}}],"line":218},"19":{"loc":{"start":{"line":219,"column":16},"end":{"line":221,"column":17}},"type":"if","locations":[{"start":{"line":219,"column":16},"end":{"line":221,"column":17}},{"start":{},"end":{}}],"line":219},"20":{"loc":{"start":{"line":222,"column":19},"end":{"line":226,"column":13}},"type":"if","locations":[{"start":{"line":222,"column":19},"end":{"line":226,"column":13}},{"start":{},"end":{}}],"line":222},"21":{"loc":{"start":{"line":222,"column":23},"end":{"line":222,"column":67}},"type":"binary-expr","locations":[{"start":{"line":222,"column":23},"end":{"line":222,"column":37}},{"start":{"line":222,"column":41},"end":{"line":222,"column":67}}],"line":222},"22":{"loc":{"start":{"line":223,"column":16},"end":{"line":225,"column":17}},"type":"if","locations":[{"start":{"line":223,"column":16},"end":{"line":225,"column":17}},{"start":{},"end":{}}],"line":223},"23":{"loc":{"start":{"line":256,"column":8},"end":{"line":260,"column":9}},"type":"if","locations":[{"start":{"line":256,"column":8},"end":{"line":260,"column":9}},{"start":{},"end":{}}],"line":256}},"s":{"0":1,"1":1,"2":1,"3":1,"4":1,"5":17,"6":17,"7":72,"8":11,"9":10,"10":10,"11":10,"12":169,"13":0,"14":169,"15":169,"16":45,"17":169,"18":823,"19":507,"20":316,"21":316,"22":44,"23":61,"24":61,"25":272,"26":98,"27":10,"28":10,"29":0,"30":0,"31":0,"32":0,"33":0,"34":0,"35":5,"36":5,"37":4,"38":4,"39":4,"40":4,"41":40,"42":40,"43":0,"44":0,"45":0,"46":40,"47":0,"48":0,"49":0,"50":40,"51":8,"52":32,"53":4,"54":4,"55":1,"56":6,"57":6,"58":6,"59":6,"60":18,"61":18,"62":6,"63":0,"64":12,"65":12,"66":6,"67":0,"68":6,"69":3,"70":3,"71":3,"72":3,"73":3,"74":3,"75":3,"76":3,"77":3,"78":3,"79":3,"80":3,"81":3,"82":3,"83":1},"f":{"0":17,"1":72,"2":11,"3":10,"4":169,"5":61,"6":0,"7":5,"8":6,"9":3},"b":{"0":[0,169],"1":[45,124],"2":[507,316],"3":[823,654,485,316,316],"4":[44,272],"5":[61,0],"6":[61,61,61],"7":[98,174],"8":[272,228,98],"9":[0,0],"10":[0,0],"11":[0,40],"12":[0,0],"13":[0,40],"14":[0,0],"15":[8,32],"16":[40,32],"17":[6],"18":[6,12],"19":[0,6],"20":[12,0],"21":[12,12],"22":[6,6],"23":[3,0]},"_coverageSchema":"1a1c01bbd47fc00a2c39e90264f33305004495a9","hash":"49499130d92b53245ab272bc29b74a261d21071c"}
,"D:\\work\\samWe\\code-analyzer\\src\\services\\coverageRunner.js": {"path":"D:\\work\\samWe\\code-analyzer\\src\\services\\coverageRunner.js","statementMap":{"0":{"start":{"line":1,"column":18},"end":{"line":1,"column":42}},"1":{"start":{"line":2,"column":13},"end":{"line":2,"column":28}},"2":{"start":{"line":3,"column":11},"end":{"line":3,"column":24}},"3":{"start":{"line":11,"column":4},"end":{"line":132,"column":7}},"4":{"start":{"line":13,"column":32},"end":{"line":13,"column":69}},"5":{"start":{"line":14,"column":8},"end":{"line":29,"column":9}},"6":{"start":{"line":16,"column":12},"end":{"line":27,"column":15}},"7":{"start":{"line":28,"column":12},"end":{"line":28,"column":19}},"8":{"start":{"line":32,"column":32},"end":{"line":32,"column":85}},"9":{"start":{"line":33,"column":25},"end":{"line":33,"column":82}},"10":{"start":{"line":36,"column":28},"end":{"line":36,"column":61}},"11":{"start":{"line":39,"column":25},"end":{"line":46,"column":9}},"12":{"start":{"line":48,"column":21},"end":{"line":52,"column":10}},"13":{"start":{"line":54,"column":21},"end":{"line":54,"column":23}},"14":{"start":{"line":55,"column":21},"end":{"line":55,"column":23}},"15":{"start":{"line":57,"column":8},"end":{"line":59,"column":11}},"16":{"start":{"line":58,"column":12},"end":{"line":58,"column":38}},"17":{"start":{"line":61,"column":8},"end":{"line":63,"column":11}},"18":{"start":{"line":62,"column":12},"end":{"line":62,"column":38}},"19":{"start":{"line":65,"column":8},"end":{"line":116,"column":11}},"20":{"start":{"line":67,"column":40},"end":{"line":67,"column":87}},"21":{"start":{"line":68,"column":37},"end":{"line":68,"column":82}},"22":{"start":{"line":70,"column":12},"end":{"line":115,"column":13}},"23":{"start":{"line":71,"column":16},"end":{"line":101,"column":17}},"24":{"start":{"line":72,"column":36},"end":{"line":72,"column":92}},"25":{"start":{"line":73,"column":37},"end":{"line":75,"column":28}},"26":{"start":{"line":77,"column":34},"end":{"line":77,"column":76}},"27":{"start":{"line":79,"column":20},"end":{"line":85,"column":23}},"28":{"start":{"line":87,"column":20},"end":{"line":100,"column":23}},"29":{"start":{"line":103,"column":16},"end":{"line":114,"column":19}},"30":{"start":{"line":118,"column":8},"end":{"line":131,"column":11}},"31":{"start":{"line":119,"column":12},"end":{"line":130,"column":15}},"32":{"start":{"line":142,"column":18},"end":{"line":142,"column":20}},"33":{"start":{"line":144,"column":4},"end":{"line":186,"column":5}},"34":{"start":{"line":145,"column":29},"end":{"line":145,"column":62}},"35":{"start":{"line":148,"column":25},"end":{"line":148,"column":77}},"36":{"start":{"line":149,"column":29},"end":{"line":149,"column":79}},"37":{"start":{"line":149,"column":52},"end":{"line":149,"column":71}},"38":{"start":{"line":150,"column":27},"end":{"line":150,"column":42}},"39":{"start":{"line":153,"column":25},"end":{"line":153,"column":41}},"40":{"start":{"line":154,"column":32},"end":{"line":154,"column":60}},"41":{"start":{"line":155,"column":34},"end":{"line":155,"column":83}},"42":{"start":{"line":155,"column":70},"end":{"line":155,"column":75}},"43":{"start":{"line":158,"column":29},"end":{"line":158,"column":31}},"44":{"start":{"line":159,"column":8},"end":{"line":168,"column":9}},"45":{"start":{"line":160,"column":12},"end":{"line":167,"column":13}},"46":{"start":{"line":161,"column":16},"end":{"line":166,"column":17}},"47":{"start":{"line":162,"column":32},"end":{"line":162,"column":58}},"48":{"start":{"line":163,"column":20},"end":{"line":165,"column":21}},"49":{"start":{"line":164,"column":24},"end":{"line":164,"column":58}},"50":{"start":{"line":170,"column":8},"end":{"line":185,"column":11}},"51":{"start":{"line":184,"column":68},"end":{"line":184,"column":73}},"52":{"start":{"line":188,"column":4},"end":{"line":188,"column":17}},"53":{"start":{"line":197,"column":4},"end":{"line":197,"column":48}},"54":{"start":{"line":197,"column":38},"end":{"line":197,"column":48}},"55":{"start":{"line":199,"column":19},"end":{"line":199,"column":51}},"56":{"start":{"line":199,"column":45},"end":{"line":199,"column":50}},"57":{"start":{"line":200,"column":19},"end":{"line":200,"column":21}},"58":{"start":{"line":201,"column":16},"end":{"line":201,"column":25}},"59":{"start":{"line":202,"column":14},"end":{"line":202,"column":23}},"60":{"start":{"line":204,"column":4},"end":{"line":216,"column":5}},"61":{"start":{"line":204,"column":17},"end":{"line":204,"column":18}},"62":{"start":{"line":205,"column":8},"end":{"line":215,"column":9}},"63":{"start":{"line":206,"column":12},"end":{"line":206,"column":28}},"64":{"start":{"line":208,"column":12},"end":{"line":212,"column":13}},"65":{"start":{"line":209,"column":16},"end":{"line":209,"column":43}},"66":{"start":{"line":211,"column":16},"end":{"line":211,"column":47}},"67":{"start":{"line":213,"column":12},"end":{"line":213,"column":30}},"68":{"start":{"line":214,"column":12},"end":{"line":214,"column":28}},"69":{"start":{"line":218,"column":4},"end":{"line":218,"column":29}},"70":{"start":{"line":221,"column":0},"end":{"line":225,"column":2}}},"fnMap":{"0":{"name":"runCoverage","decl":{"start":{"line":10,"column":15},"end":{"line":10,"column":26}},"loc":{"start":{"line":10,"column":39},"end":{"line":133,"column":1}},"line":10},"1":{"name":"(anonymous_1)","decl":{"start":{"line":11,"column":23},"end":{"line":11,"column":24}},"loc":{"start":{"line":11,"column":44},"end":{"line":132,"column":5}},"line":11},"2":{"name":"(anonymous_2)","decl":{"start":{"line":57,"column":31},"end":{"line":57,"column":32}},"loc":{"start":{"line":57,"column":41},"end":{"line":59,"column":9}},"line":57},"3":{"name":"(anonymous_3)","decl":{"start":{"line":61,"column":31},"end":{"line":61,"column":32}},"loc":{"start":{"line":61,"column":41},"end":{"line":63,"column":9}},"line":61},"4":{"name":"(anonymous_4)","decl":{"start":{"line":65,"column":25},"end":{"line":65,"column":26}},"loc":{"start":{"line":65,"column":35},"end":{"line":116,"column":9}},"line":65},"5":{"name":"(anonymous_5)","decl":{"start":{"line":118,"column":25},"end":{"line":118,"column":26}},"loc":{"start":{"line":118,"column":36},"end":{"line":131,"column":9}},"line":118},"6":{"name":"parseCoverageDetails","decl":{"start":{"line":141,"column":9},"end":{"line":141,"column":29}},"loc":{"start":{"line":141,"column":54},"end":{"line":189,"column":1}},"line":141},"7":{"name":"(anonymous_7)","decl":{"start":{"line":149,"column":45},"end":{"line":149,"column":46}},"loc":{"start":{"line":149,"column":52},"end":{"line":149,"column":71}},"line":149},"8":{"name":"(anonymous_8)","decl":{"start":{"line":155,"column":65},"end":{"line":155,"column":66}},"loc":{"start":{"line":155,"column":70},"end":{"line":155,"column":75}},"line":155},"9":{"name":"(anonymous_9)","decl":{"start":{"line":184,"column":58},"end":{"line":184,"column":59}},"loc":{"start":{"line":184,"column":68},"end":{"line":184,"column":73}},"line":184},"10":{"name":"formatMissingLines","decl":{"start":{"line":196,"column":9},"end":{"line":196,"column":27}},"loc":{"start":{"line":196,"column":35},"end":{"line":219,"column":1}},"line":196},"11":{"name":"(anonymous_11)","decl":{"start":{"line":199,"column":35},"end":{"line":199,"column":36}},"loc":{"start":{"line":199,"column":45},"end":{"line":199,"column":50}},"line":199}},"branchMap":{"0":{"loc":{"start":{"line":14,"column":8},"end":{"line":29,"column":9}},"type":"if","locations":[{"start":{"line":14,"column":8},"end":{"line":29,"column":9}},{"start":{},"end":{}}],"line":14},"1":{"loc":{"start":{"line":33,"column":25},"end":{"line":33,"column":82}},"type":"cond-expr","locations":[{"start":{"line":33,"column":58},"end":{"line":33,"column":73}},{"start":{"line":33,"column":76},"end":{"line":33,"column":82}}],"line":33},"2":{"loc":{"start":{"line":71,"column":16},"end":{"line":101,"column":17}},"type":"if","locations":[{"start":{"line":71,"column":16},"end":{"line":101,"column":17}},{"start":{"line":86,"column":23},"end":{"line":101,"column":17}}],"line":71},"3":{"loc":{"start":{"line":73,"column":37},"end":{"line":75,"column":28}},"type":"cond-expr","locations":[{"start":{"line":74,"column":26},"end":{"line":74,"column":79}},{"start":{"line":75,"column":26},"end":{"line":75,"column":28}}],"line":73},"4":{"loc":{"start":{"line":148,"column":25},"end":{"line":148,"column":77}},"type":"cond-expr","locations":[{"start":{"line":148,"column":49},"end":{"line":148,"column":72}},{"start":{"line":148,"column":75},"end":{"line":148,"column":77}}],"line":148},"5":{"loc":{"start":{"line":153,"column":25},"end":{"line":153,"column":41}},"type":"binary-expr","locations":[{"start":{"line":153,"column":25},"end":{"line":153,"column":35}},{"start":{"line":153,"column":39},"end":{"line":153,"column":41}}],"line":153},"6":{"loc":{"start":{"line":159,"column":8},"end":{"line":168,"column":9}},"type":"if","locations":[{"start":{"line":159,"column":8},"end":{"line":168,"column":9}},{"start":{},"end":{}}],"line":159},"7":{"loc":{"start":{"line":161,"column":16},"end":{"line":166,"column":17}},"type":"if","locations":[{"start":{"line":161,"column":16},"end":{"line":166,"column":17}},{"start":{},"end":{}}],"line":161},"8":{"loc":{"start":{"line":161,"column":20},"end":{"line":161,"column":61}},"type":"binary-expr","locations":[{"start":{"line":161,"column":20},"end":{"line":161,"column":31}},{"start":{"line":161,"column":35},"end":{"line":161,"column":61}}],"line":161},"9":{"loc":{"start":{"line":163,"column":20},"end":{"line":165,"column":21}},"type":"if","locations":[{"start":{"line":163,"column":20},"end":{"line":165,"column":21}},{"start":{},"end":{}}],"line":163},"10":{"loc":{"start":{"line":163,"column":24},"end":{"line":163,"column":51}},"type":"binary-expr","locations":[{"start":{"line":163,"column":24},"end":{"line":163,"column":33}},{"start":{"line":163,"column":37},"end":{"line":163,"column":51}}],"line":163},"11":{"loc":{"start":{"line":177,"column":21},"end":{"line":177,"column":87}},"type":"cond-expr","locations":[{"start":{"line":177,"column":38},"end":{"line":177,"column":83}},{"start":{"line":177,"column":86},"end":{"line":177,"column":87}}],"line":177},"12":{"loc":{"start":{"line":182,"column":21},"end":{"line":182,"column":102}},"type":"cond-expr","locations":[{"start":{"line":182,"column":43},"end":{"line":182,"column":98}},{"start":{"line":182,"column":101},"end":{"line":182,"column":102}}],"line":182},"13":{"loc":{"start":{"line":197,"column":4},"end":{"line":197,"column":48}},"type":"if","locations":[{"start":{"line":197,"column":4},"end":{"line":197,"column":48}},{"start":{},"end":{}}],"line":197},"14":{"loc":{"start":{"line":197,"column":8},"end":{"line":197,"column":36}},"type":"binary-expr","locations":[{"start":{"line":197,"column":8},"end":{"line":197,"column":14}},{"start":{"line":197,"column":18},"end":{"line":197,"column":36}}],"line":197},"15":{"loc":{"start":{"line":205,"column":8},"end":{"line":215,"column":9}},"type":"if","locations":[{"start":{"line":205,"column":8},"end":{"line":215,"column":9}},{"start":{"line":207,"column":15},"end":{"line":215,"column":9}}],"line":205},"16":{"loc":{"start":{"line":208,"column":12},"end":{"line":212,"column":13}},"type":"if","locations":[{"start":{"line":208,"column":12},"end":{"line":212,"column":13}},{"start":{"line":210,"column":19},"end":{"line":212,"column":13}}],"line":208}},"s":{"0":1,"1":1,"2":1,"3":0,"4":0,"5":0,"6":0,"7":0,"8":0,"9":0,"10":0,"11":0,"12":0,"13":0,"14":0,"15":0,"16":0,"17":0,"18":0,"19":0,"20":0,"21":0,"22":0,"23":0,"24":0,"25":0,"26":0,"27":0,"28":0,"29":0,"30":0,"31":0,"32":0,"33":0,"34":0,"35":0,"36":0,"37":0,"38":0,"39":0,"40":0,"41":0,"42":0,"43":0,"44":0,"45":0,"46":0,"47":0,"48":0,"49":0,"50":0,"51":0,"52":0,"53":7,"54":2,"55":5,"56":18,"57":5,"58":5,"59":5,"60":5,"61":5,"62":19,"63":8,"64":11,"65":7,"66":4,"67":11,"68":11,"69":5,"70":1},"f":{"0":0,"1":0,"2":0,"3":0,"4":0,"5":0,"6":0,"7":0,"8":0,"9":0,"10":7,"11":18},"b":{"0":[0,0],"1":[0,0],"2":[0,0],"3":[0,0],"4":[0,0],"5":[0,0],"6":[0,0],"7":[0,0],"8":[0,0],"9":[0,0],"10":[0,0],"11":[0,0],"12":[0,0],"13":[2,5],"14":[7,6],"15":[8,11],"16":[7,4]},"_coverageSchema":"1a1c01bbd47fc00a2c39e90264f33305004495a9","hash":"753de9b8c9aca4d6808cf5d10de880d34721d248"}
}
