TN:
SF:src\App.js
FN:6,App
FN:14,(anonymous_1)
FN:26,(anonymous_2)
FN:76,(anonymous_3)
FN:81,(anonymous_4)
FN:86,(anonymous_5)
FN:98,(anonymous_6)
FNF:7
FNH:6
FNDA:23,App
FNDA:3,(anonymous_1)
FNDA:2,(anonymous_2)
FNDA:5,(anonymous_3)
FNDA:0,(anonymous_4)
FNDA:5,(anonymous_5)
FNDA:5,(anonymous_6)
DA:7,23
DA:8,23
DA:9,23
DA:10,23
DA:11,23
DA:12,23
DA:14,23
DA:15,3
DA:16,3
DA:17,3
DA:18,3
DA:19,3
DA:22,0
DA:26,23
DA:27,2
DA:28,0
DA:29,0
DA:32,2
DA:33,2
DA:34,2
DA:35,2
DA:37,2
DA:39,2
DA:40,2
DA:42,2
DA:43,1
DA:46,1
DA:49,1
DA:50,1
DA:52,1
DA:53,1
DA:56,0
DA:57,0
DA:68,1
DA:70,2
DA:71,2
DA:76,23
DA:77,5
DA:79,5
DA:80,5
DA:81,0
DA:82,0
DA:86,5
DA:87,5
DA:88,5
DA:98,23
DA:99,5
DA:106,5
DA:108,5
DA:115,5
DA:118,23
LF:51
LH:44
BRDA:17,0,0,3
BRDA:17,0,1,0
BRDA:27,1,0,0
BRDA:27,1,1,2
BRDA:42,2,0,1
BRDA:42,2,1,1
BRDA:43,3,0,1
BRDA:43,3,1,0
BRDA:52,4,0,1
BRDA:52,4,1,0
BRDA:77,5,0,0
BRDA:77,5,1,5
BRDA:80,6,0,0
BRDA:80,6,1,5
BRDA:80,7,0,5
BRDA:80,7,1,0
BRDA:87,8,0,5
BRDA:87,8,1,5
BRDA:90,9,0,5
BRDA:90,9,1,5
BRDA:91,10,0,5
BRDA:91,10,1,5
BRDA:92,11,0,5
BRDA:92,11,1,5
BRDA:106,12,0,0
BRDA:106,12,1,5
BRDA:111,13,0,5
BRDA:111,13,1,5
BRDA:112,14,0,5
BRDA:112,14,1,5
BRDA:130,15,0,23
BRDA:130,15,1,3
BRDA:147,16,0,23
BRDA:147,16,1,5
BRDA:152,17,0,5
BRDA:152,17,1,18
BRDA:168,18,0,23
BRDA:168,18,1,6
BRF:38
BRH:30
end_of_record
TN:
SF:src\components\FolderBrowser.js
FN:12,FolderBrowser
FN:19,(anonymous_1)
FN:23,(anonymous_2)
FNF:3
FNH:3
FNDA:32,FolderBrowser
FNDA:1,(anonymous_1)
FNDA:2,(anonymous_2)
DA:19,32
DA:20,1
DA:23,32
DA:24,2
DA:25,1
DA:29,32
LF:6
LH:6
BRDA:24,0,0,1
BRDA:24,0,1,1
BRDA:24,1,0,2
BRDA:24,1,1,2
BRDA:24,1,2,1
BRDA:56,2,0,32
BRDA:56,2,1,18
BRDA:60,3,0,8
BRDA:60,3,1,24
BRF:9
BRH:9
end_of_record
TN:
SF:src\components\ResultsGrid.js
FN:9,ResultsGrid
FN:10,(anonymous_1)
FN:15,(anonymous_2)
FN:20,(anonymous_3)
FN:27,(anonymous_4)
FN:31,(anonymous_5)
FN:53,(anonymous_6)
FN:111,(anonymous_7)
FNF:8
FNH:8
FNDA:15,ResultsGrid
FNDA:42,(anonymous_1)
FNDA:42,(anonymous_2)
FNDA:42,(anonymous_3)
FNDA:42,(anonymous_4)
FNDA:82,(anonymous_5)
FNDA:42,(anonymous_6)
FNDA:21,(anonymous_7)
DA:10,15
DA:11,42
DA:12,42
DA:15,15
DA:16,42
DA:17,30
DA:20,15
DA:21,42
DA:22,30
DA:23,16
DA:24,0
DA:27,15
DA:28,42
DA:31,82
DA:32,30
DA:33,30
DA:34,30
DA:36,30
DA:37,112
DA:38,50
DA:40,62
DA:41,44
DA:43,18
DA:45,62
DA:46,62
DA:50,30
DA:53,15
DA:54,42
DA:56,30
DA:57,30
DA:58,16
DA:60,30
DA:70,15
DA:71,1
DA:90,14
DA:112,21
LF:36
LH:35
BRDA:11,0,0,0
BRDA:11,0,1,42
BRDA:11,1,0,42
BRDA:11,1,1,42
BRDA:16,2,0,12
BRDA:16,2,1,30
BRDA:16,3,0,42
BRDA:16,3,1,30
BRDA:21,4,0,12
BRDA:21,4,1,30
BRDA:21,5,0,42
BRDA:21,5,1,30
BRDA:22,6,0,14
BRDA:22,6,1,16
BRDA:23,7,0,16
BRDA:23,7,1,0
BRDA:28,8,0,12
BRDA:28,8,1,30
BRDA:28,9,0,42
BRDA:28,9,1,42
BRDA:37,10,0,50
BRDA:37,10,1,62
BRDA:40,11,0,44
BRDA:40,11,1,18
BRDA:54,12,0,12
BRDA:54,12,1,30
BRDA:54,13,0,42
BRDA:54,13,1,30
BRDA:57,14,0,14
BRDA:57,14,1,16
BRDA:58,15,0,16
BRDA:58,15,1,0
BRDA:70,16,0,1
BRDA:70,16,1,14
BRDA:70,17,0,15
BRDA:70,17,1,15
BRDA:112,18,0,21
BRDA:112,18,1,0
BRF:38
BRH:34
end_of_record
TN:
SF:src\components\Summary.js
FN:11,Summary
FN:12,(anonymous_1)
FN:17,(anonymous_2)
FN:22,(anonymous_3)
FNF:4
FNH:4
FNDA:13,Summary
FNDA:26,(anonymous_1)
FNDA:26,(anonymous_2)
FNDA:26,(anonymous_3)
DA:12,13
DA:13,26
DA:14,26
DA:17,13
DA:18,26
DA:19,14
DA:22,13
DA:23,26
DA:24,14
DA:25,9
DA:26,4
DA:29,13
LF:12
LH:12
BRDA:13,0,0,0
BRDA:13,0,1,26
BRDA:13,1,0,26
BRDA:13,1,1,26
BRDA:18,2,0,12
BRDA:18,2,1,14
BRDA:18,3,0,26
BRDA:18,3,1,14
BRDA:23,4,0,12
BRDA:23,4,1,14
BRDA:23,5,0,26
BRDA:23,5,1,14
BRDA:24,6,0,5
BRDA:24,6,1,9
BRDA:25,7,0,5
BRDA:25,7,1,4
BRF:16
BRH:15
end_of_record
TN:
SF:src\services\codeAnalyzer.js
FN:25,shouldIgnoreFile
FN:27,(anonymous_1)
FN:35,shouldIgnoreFolder
FN:44,countStatements
FN:56,countNode
FN:100,(anonymous_5)
FN:125,countStatementsFallback
FN:143,analyzeFile
FN:209,getJsFiles
FN:240,analyzeFolder
FNF:10
FNH:9
FNDA:17,shouldIgnoreFile
FNDA:72,(anonymous_1)
FNDA:11,shouldIgnoreFolder
FNDA:10,countStatements
FNDA:169,countNode
FNDA:61,(anonymous_5)
FNDA:0,countStatementsFallback
FNDA:5,analyzeFile
FNDA:6,getJsFiles
FNDA:3,analyzeFolder
DA:1,1
DA:2,1
DA:3,1
DA:6,1
DA:18,1
DA:26,17
DA:27,72
DA:36,11
DA:45,10
DA:46,10
DA:54,10
DA:57,169
DA:60,169
DA:88,169
DA:89,45
DA:93,169
DA:94,823
DA:95,507
DA:98,316
DA:99,316
DA:100,44
DA:101,61
DA:102,61
DA:105,272
DA:106,98
DA:111,10
DA:112,10
DA:115,0
DA:116,0
DA:127,0
DA:132,0
DA:133,0
DA:135,0
DA:144,5
DA:145,5
DA:146,4
DA:149,4
DA:150,4
DA:152,4
DA:153,40
DA:156,40
DA:157,0
DA:158,0
DA:160,0
DA:163,40
DA:164,0
DA:165,0
DA:167,0
DA:171,40
DA:172,8
DA:175,32
DA:178,4
DA:180,4
DA:190,1
DA:210,6
DA:212,6
DA:213,6
DA:215,6
DA:216,18
DA:218,18
DA:219,6
DA:220,0
DA:222,12
DA:223,12
DA:224,6
DA:229,0
DA:232,6
DA:241,3
DA:242,3
DA:244,3
DA:245,3
DA:246,3
DA:248,3
DA:249,3
DA:252,3
DA:254,3
DA:256,3
DA:257,3
DA:258,3
DA:259,3
DA:263,3
DA:276,1
LF:82
LH:68
BRDA:57,0,0,0
BRDA:57,0,1,169
BRDA:88,1,0,45
BRDA:88,1,1,124
BRDA:94,2,0,507
BRDA:94,2,1,316
BRDA:94,3,0,823
BRDA:94,3,1,654
BRDA:94,3,2,485
BRDA:94,3,3,316
BRDA:94,3,4,316
BRDA:99,4,0,44
BRDA:99,4,1,272
BRDA:101,5,0,61
BRDA:101,5,1,0
BRDA:101,6,0,61
BRDA:101,6,1,61
BRDA:101,6,2,61
BRDA:105,7,0,98
BRDA:105,7,1,174
BRDA:105,8,0,272
BRDA:105,8,1,228
BRDA:105,8,2,98
BRDA:132,9,0,0
BRDA:132,9,1,0
BRDA:133,10,0,0
BRDA:133,10,1,0
BRDA:156,11,0,0
BRDA:156,11,1,40
BRDA:157,12,0,0
BRDA:157,12,1,0
BRDA:163,13,0,0
BRDA:163,13,1,40
BRDA:164,14,0,0
BRDA:164,14,1,0
BRDA:171,15,0,8
BRDA:171,15,1,32
BRDA:171,16,0,40
BRDA:171,16,1,32
BRDA:209,17,0,6
BRDA:218,18,0,6
BRDA:218,18,1,12
BRDA:219,19,0,0
BRDA:219,19,1,6
BRDA:222,20,0,12
BRDA:222,20,1,0
BRDA:222,21,0,12
BRDA:222,21,1,12
BRDA:223,22,0,6
BRDA:223,22,1,6
BRDA:256,23,0,3
BRDA:256,23,1,0
BRF:52
BRH:37
end_of_record
TN:
SF:src\services\coverageRunner.js
FN:10,runCoverage
FN:11,(anonymous_1)
FN:57,(anonymous_2)
FN:61,(anonymous_3)
FN:65,(anonymous_4)
FN:118,(anonymous_5)
FN:141,parseCoverageDetails
FN:149,(anonymous_7)
FN:155,(anonymous_8)
FN:184,(anonymous_9)
FN:196,formatMissingLines
FN:199,(anonymous_11)
FNF:12
FNH:2
FNDA:0,runCoverage
FNDA:0,(anonymous_1)
FNDA:0,(anonymous_2)
FNDA:0,(anonymous_3)
FNDA:0,(anonymous_4)
FNDA:0,(anonymous_5)
FNDA:0,parseCoverageDetails
FNDA:0,(anonymous_7)
FNDA:0,(anonymous_8)
FNDA:0,(anonymous_9)
FNDA:7,formatMissingLines
FNDA:18,(anonymous_11)
DA:1,1
DA:2,1
DA:3,1
DA:11,0
DA:13,0
DA:14,0
DA:16,0
DA:28,0
DA:32,0
DA:33,0
DA:36,0
DA:39,0
DA:48,0
DA:54,0
DA:55,0
DA:57,0
DA:58,0
DA:61,0
DA:62,0
DA:65,0
DA:67,0
DA:68,0
DA:70,0
DA:71,0
DA:72,0
DA:73,0
DA:77,0
DA:79,0
DA:87,0
DA:103,0
DA:118,0
DA:119,0
DA:142,0
DA:144,0
DA:145,0
DA:148,0
DA:149,0
DA:150,0
DA:153,0
DA:154,0
DA:155,0
DA:158,0
DA:159,0
DA:160,0
DA:161,0
DA:162,0
DA:163,0
DA:164,0
DA:170,0
DA:184,0
DA:188,0
DA:197,7
DA:199,18
DA:200,5
DA:201,5
DA:202,5
DA:204,5
DA:205,19
DA:206,8
DA:208,11
DA:209,7
DA:211,4
DA:213,11
DA:214,11
DA:218,5
DA:221,1
LF:66
LH:18
BRDA:14,0,0,0
BRDA:14,0,1,0
BRDA:33,1,0,0
BRDA:33,1,1,0
BRDA:71,2,0,0
BRDA:71,2,1,0
BRDA:73,3,0,0
BRDA:73,3,1,0
BRDA:148,4,0,0
BRDA:148,4,1,0
BRDA:153,5,0,0
BRDA:153,5,1,0
BRDA:159,6,0,0
BRDA:159,6,1,0
BRDA:161,7,0,0
BRDA:161,7,1,0
BRDA:161,8,0,0
BRDA:161,8,1,0
BRDA:163,9,0,0
BRDA:163,9,1,0
BRDA:163,10,0,0
BRDA:163,10,1,0
BRDA:177,11,0,0
BRDA:177,11,1,0
BRDA:182,12,0,0
BRDA:182,12,1,0
BRDA:197,13,0,2
BRDA:197,13,1,5
BRDA:197,14,0,7
BRDA:197,14,1,6
BRDA:205,15,0,8
BRDA:205,15,1,11
BRDA:208,16,0,7
BRDA:208,16,1,4
BRF:34
BRH:8
end_of_record
